<?xml version="1.0" encoding="UTF-8"?>
<!-- Generated by org.testng.reporters.JUnitReportReporter -->
<testsuite hostname="sumansingh" failures="0" tests="1" name="pom.wellbe.testcases.Tc_VerifypersonalInformation_0002" time="5.402" errors="0" timestamp="2021-01-27T18:09:43 IST" skipped="0">
  <testcase classname="pom.wellbe.testcases.Tc_VerifypersonalInformation_0002" name="verifypersonalinfomation" time="5.402"/>
  <system-out/>
</testsuite> <!-- pom.wellbe.testcases.Tc_VerifypersonalInformation_0002 -->
